<?xml version="1.0" encoding="UTF-8"?>
<coverage generated="1586626992563" clover="3.2.0">
  <project timestamp="1586626992564" name="All files">
    <metrics statements="187" coveredstatements="176" conditionals="20" coveredconditionals="18" methods="53" coveredmethods="48" elements="260" coveredelements="242" complexity="0" loc="187" ncloc="187" packages="1" files="16" classes="16"/>
    <file name="bootstrapState.js" path="C:\Users\invas\pokerchatapp\bootstrapState.js">
      <metrics statements="16" coveredstatements="16" conditionals="0" coveredconditionals="0" methods="2" coveredmethods="2"/>
      <line num="1" count="8" type="stmt"/>
      <line num="3" count="8" type="stmt"/>
      <line num="15" count="19" type="stmt"/>
      <line num="25" count="1" type="stmt"/>
      <line num="29" count="1" type="stmt"/>
      <line num="30" count="1" type="stmt"/>
      <line num="31" count="1" type="stmt"/>
      <line num="32" count="1" type="stmt"/>
      <line num="33" count="1" type="stmt"/>
      <line num="34" count="1" type="stmt"/>
      <line num="35" count="2" type="stmt"/>
      <line num="36" count="2" type="stmt"/>
      <line num="37" count="2" type="stmt"/>
      <line num="41" count="2" type="stmt"/>
      <line num="43" count="1" type="stmt"/>
      <line num="48" count="8" type="stmt"/>
    </file>
    <file name="callState.js" path="C:\Users\invas\pokerchatapp\callState.js">
      <metrics statements="5" coveredstatements="5" conditionals="0" coveredconditionals="0" methods="2" coveredmethods="2"/>
      <line num="2" count="18" type="stmt"/>
      <line num="9" count="1" type="stmt"/>
      <line num="13" count="1" type="stmt"/>
      <line num="14" count="1" type="stmt"/>
      <line num="19" count="8" type="stmt"/>
    </file>
    <file name="cardExamination.js" path="C:\Users\invas\pokerchatapp\cardExamination.js">
      <metrics statements="2" coveredstatements="2" conditionals="0" coveredconditionals="0" methods="1" coveredmethods="1"/>
      <line num="2" count="11" type="stmt"/>
      <line num="8" count="8" type="stmt"/>
    </file>
    <file name="cardPrettifier.js" path="C:\Users\invas\pokerchatapp\cardPrettifier.js">
      <metrics statements="4" coveredstatements="4" conditionals="0" coveredconditionals="0" methods="3" coveredmethods="3"/>
      <line num="3" count="3" type="stmt"/>
      <line num="5" count="3" type="stmt"/>
      <line num="7" count="11" type="stmt"/>
      <line num="18" count="9" type="stmt"/>
    </file>
    <file name="checkingState.js" path="C:\Users\invas\pokerchatapp\checkingState.js">
      <metrics statements="4" coveredstatements="2" conditionals="0" coveredconditionals="0" methods="2" coveredmethods="1"/>
      <line num="2" count="42" type="stmt"/>
      <line num="7" count="0" type="stmt"/>
      <line num="8" count="0" type="stmt"/>
      <line num="13" count="7" type="stmt"/>
    </file>
    <file name="errorState.js" path="C:\Users\invas\pokerchatapp\errorState.js">
      <metrics statements="3" coveredstatements="2" conditionals="0" coveredconditionals="0" methods="2" coveredmethods="1"/>
      <line num="2" count="4" type="stmt"/>
      <line num="6" count="0" type="stmt"/>
      <line num="11" count="7" type="stmt"/>
    </file>
    <file name="foldState.js" path="C:\Users\invas\pokerchatapp\foldState.js">
      <metrics statements="4" coveredstatements="4" conditionals="0" coveredconditionals="0" methods="2" coveredmethods="2"/>
      <line num="2" count="7" type="stmt"/>
      <line num="7" count="1" type="stmt"/>
      <line num="8" count="1" type="stmt"/>
      <line num="12" count="8" type="stmt"/>
    </file>
    <file name="game.js" path="C:\Users\invas\pokerchatapp\game.js">
      <metrics statements="100" coveredstatements="99" conditionals="20" coveredconditionals="18" methods="22" coveredmethods="22"/>
      <line num="1" count="7" type="stmt"/>
      <line num="2" count="7" type="stmt"/>
      <line num="3" count="7" type="stmt"/>
      <line num="4" count="7" type="stmt"/>
      <line num="5" count="7" type="stmt"/>
      <line num="6" count="7" type="stmt"/>
      <line num="7" count="7" type="stmt"/>
      <line num="8" count="7" type="stmt"/>
      <line num="9" count="7" type="stmt"/>
      <line num="10" count="7" type="stmt"/>
      <line num="11" count="7" type="stmt"/>
      <line num="14" count="18" type="stmt"/>
      <line num="32" count="54" type="cond" truecount="1" falsecount="1"/>
      <line num="33" count="54" type="stmt"/>
      <line num="34" count="54" type="stmt"/>
      <line num="36" count="54" type="stmt"/>
      <line num="39" count="208" type="stmt"/>
      <line num="42" count="68" type="stmt"/>
      <line num="43" count="68" type="stmt"/>
      <line num="46" count="3" type="stmt"/>
      <line num="47" count="3" type="stmt"/>
      <line num="48" count="9" type="stmt"/>
      <line num="49" count="9" type="cond" truecount="2" falsecount="0"/>
      <line num="50" count="7" type="stmt"/>
      <line num="51" count="7" type="stmt"/>
      <line num="52" count="7" type="stmt"/>
      <line num="55" count="3" type="stmt"/>
      <line num="58" count="3" type="stmt"/>
      <line num="61" count="61" type="stmt"/>
      <line num="64" count="61" type="stmt"/>
      <line num="65" count="61" type="cond" truecount="1" falsecount="1"/>
      <line num="66" count="61" type="stmt"/>
      <line num="67" count="61" type="stmt"/>
      <line num="73" count="0" type="stmt"/>
      <line num="76" count="196" type="stmt"/>
      <line num="77" count="65" type="stmt"/>
      <line num="80" count="3" type="stmt"/>
      <line num="83" count="65" type="cond" truecount="2" falsecount="0"/>
      <line num="84" count="1" type="stmt"/>
      <line num="85" count="1" type="stmt"/>
      <line num="86" count="1" type="stmt"/>
      <line num="88" count="64" type="cond" truecount="2" falsecount="0"/>
      <line num="89" count="19" type="cond" truecount="2" falsecount="0"/>
      <line num="90" count="3" type="stmt"/>
      <line num="91" count="3" type="stmt"/>
      <line num="92" count="4" type="stmt"/>
      <line num="93" count="3" type="stmt"/>
      <line num="94" count="3" type="stmt"/>
      <line num="95" count="4" type="stmt"/>
      <line num="97" count="3" type="stmt"/>
      <line num="99" count="16" type="cond" truecount="2" falsecount="0"/>
      <line num="100" count="7" type="stmt"/>
      <line num="102" count="9" type="stmt"/>
      <line num="104" count="16" type="stmt"/>
      <line num="105" count="16" type="stmt"/>
      <line num="107" count="45" type="stmt"/>
      <line num="110" count="68" type="cond" truecount="2" falsecount="0"/>
      <line num="111" count="3" type="stmt"/>
      <line num="116" count="65" type="stmt"/>
      <line num="119" count="59" type="stmt"/>
      <line num="120" count="58" type="stmt"/>
      <line num="121" count="58" type="cond" truecount="2" falsecount="0"/>
      <line num="122" count="17" type="stmt"/>
      <line num="123" count="17" type="stmt"/>
      <line num="124" count="17" type="stmt"/>
      <line num="125" count="17" type="stmt"/>
      <line num="126" count="17" type="stmt"/>
      <line num="134" count="41" type="stmt"/>
      <line num="138" count="7" type="stmt"/>
      <line num="139" count="6" type="stmt"/>
      <line num="140" count="6" type="stmt"/>
      <line num="141" count="6" type="stmt"/>
      <line num="145" count="2" type="stmt"/>
      <line num="146" count="1" type="stmt"/>
      <line num="147" count="1" type="stmt"/>
      <line num="148" count="1" type="stmt"/>
      <line num="149" count="1" type="stmt"/>
      <line num="150" count="1" type="stmt"/>
      <line num="154" count="19" type="cond" truecount="2" falsecount="0"/>
      <line num="155" count="18" type="stmt"/>
      <line num="156" count="18" type="stmt"/>
      <line num="157" count="18" type="stmt"/>
      <line num="158" count="18" type="stmt"/>
      <line num="159" count="18" type="stmt"/>
      <line num="160" count="18" type="stmt"/>
      <line num="161" count="18" type="stmt"/>
      <line num="162" count="18" type="stmt"/>
      <line num="163" count="18" type="stmt"/>
      <line num="164" count="18" type="stmt"/>
      <line num="165" count="18" type="stmt"/>
      <line num="166" count="18" type="stmt"/>
      <line num="167" count="18" type="stmt"/>
      <line num="168" count="18" type="stmt"/>
      <line num="169" count="18" type="stmt"/>
      <line num="170" count="54" type="stmt"/>
      <line num="171" count="54" type="stmt"/>
      <line num="174" count="18" type="stmt"/>
      <line num="182" count="54" type="stmt"/>
      <line num="188" count="1" type="stmt"/>
      <line num="196" count="7" type="stmt"/>
    </file>
    <file name="nextState.js" path="C:\Users\invas\pokerchatapp\nextState.js">
      <metrics statements="5" coveredstatements="3" conditionals="0" coveredconditionals="0" methods="2" coveredmethods="1"/>
      <line num="1" count="7" type="stmt"/>
      <line num="4" count="17" type="stmt"/>
      <line num="9" count="0" type="stmt"/>
      <line num="13" count="0" type="stmt"/>
      <line num="17" count="7" type="stmt"/>
    </file>
    <file name="player.js" path="C:\Users\invas\pokerchatapp\player.js">
      <metrics statements="2" coveredstatements="2" conditionals="0" coveredconditionals="0" methods="1" coveredmethods="1"/>
      <line num="2" count="56" type="stmt"/>
      <line num="10" count="7" type="stmt"/>
    </file>
    <file name="pokerDeck.js" path="C:\Users\invas\pokerchatapp\pokerDeck.js">
      <metrics statements="17" coveredstatements="17" conditionals="0" coveredconditionals="0" methods="5" coveredmethods="5"/>
      <line num="1" count="1" type="stmt"/>
      <line num="4" count="1" type="stmt"/>
      <line num="5" count="1" type="stmt"/>
      <line num="6" count="1" type="stmt"/>
      <line num="21" count="1" type="stmt"/>
      <line num="22" count="1" type="stmt"/>
      <line num="23" count="4" type="stmt"/>
      <line num="24" count="52" type="stmt"/>
      <line num="27" count="1" type="stmt"/>
      <line num="28" count="1" type="stmt"/>
      <line num="29" count="1" type="stmt"/>
      <line num="32" count="1" type="stmt"/>
      <line num="35" count="1" type="stmt"/>
      <line num="38" count="1" type="stmt"/>
      <line num="39" count="1" type="stmt"/>
      <line num="42" count="1" type="stmt"/>
      <line num="47" count="1" type="stmt"/>
    </file>
    <file name="raiseState.js" path="C:\Users\invas\pokerchatapp\raiseState.js">
      <metrics statements="4" coveredstatements="2" conditionals="0" coveredconditionals="0" methods="2" coveredmethods="1"/>
      <line num="2" count="1" type="stmt"/>
      <line num="8" count="0" type="stmt"/>
      <line num="12" count="0" type="stmt"/>
      <line num="16" count="7" type="stmt"/>
    </file>
    <file name="user.js" path="C:\Users\invas\pokerchatapp\user.js">
      <metrics statements="2" coveredstatements="2" conditionals="0" coveredconditionals="0" methods="1" coveredmethods="1"/>
      <line num="2" count="21" type="stmt"/>
      <line num="9" count="7" type="stmt"/>
    </file>
    <file name="waitingState.js" path="C:\Users\invas\pokerchatapp\waitingState.js">
      <metrics statements="3" coveredstatements="3" conditionals="0" coveredconditionals="0" methods="2" coveredmethods="2"/>
      <line num="2" count="67" type="stmt"/>
      <line num="6" count="3" type="stmt"/>
      <line num="11" count="10" type="stmt"/>
    </file>
    <file name="winnerCalculator.js" path="C:\Users\invas\pokerchatapp\winnerCalculator.js">
      <metrics statements="11" coveredstatements="11" conditionals="0" coveredconditionals="0" methods="2" coveredmethods="2"/>
      <line num="1" count="1" type="stmt"/>
      <line num="4" count="1" type="stmt"/>
      <line num="6" count="1" type="stmt"/>
      <line num="7" count="1" type="stmt"/>
      <line num="8" count="2" type="stmt"/>
      <line num="9" count="2" type="stmt"/>
      <line num="10" count="2" type="stmt"/>
      <line num="11" count="2" type="stmt"/>
      <line num="13" count="1" type="stmt"/>
      <line num="14" count="1" type="stmt"/>
      <line num="19" count="1" type="stmt"/>
    </file>
    <file name="winningMultiState.js" path="C:\Users\invas\pokerchatapp\winningMultiState.js">
      <metrics statements="5" coveredstatements="2" conditionals="0" coveredconditionals="0" methods="2" coveredmethods="1"/>
      <line num="2" count="6" type="stmt"/>
      <line num="6" count="0" type="stmt"/>
      <line num="7" count="0" type="stmt"/>
      <line num="8" count="0" type="stmt"/>
      <line num="14" count="7" type="stmt"/>
    </file>
  </project>
</coverage>
