{"C:\\Users\\invas\\pokerchatapp\\bootstrapState.js": {"path":"C:\\Users\\invas\\pokerchatapp\\bootstrapState.js","statementMap":{"0":{"start":{"line":1,"column":24},"end":{"line":1,"column":51}},"1":{"start":{"line":3,"column":24},"end":{"line":3,"column":41}},"2":{"start":{"line":15,"column":2},"end":{"line":45,"column":3}},"3":{"start":{"line":25,"column":6},"end":{"line":28,"column":7}},"4":{"start":{"line":29,"column":6},"end":{"line":29,"column":64}},"5":{"start":{"line":30,"column":6},"end":{"line":30,"column":73}},"6":{"start":{"line":31,"column":6},"end":{"line":31,"column":69}},"7":{"start":{"line":32,"column":6},"end":{"line":32,"column":72}},"8":{"start":{"line":33,"column":6},"end":{"line":33,"column":48}},"9":{"start":{"line":34,"column":6},"end":{"line":42,"column":7}},"10":{"start":{"line":34,"column":19},"end":{"line":34,"column":20}},"11":{"start":{"line":35,"column":21},"end":{"line":35,"column":34}},"12":{"start":{"line":36,"column":22},"end":{"line":36,"column":60}},"13":{"start":{"line":37,"column":8},"end":{"line":40,"column":9}},"14":{"start":{"line":41,"column":8},"end":{"line":41,"column":86}},"15":{"start":{"line":43,"column":6},"end":{"line":43,"column":74}},"16":{"start":{"line":48,"column":0},"end":{"line":48,"column":31}}},"fnMap":{"0":{"name":"BootstrapState","decl":{"start":{"line":5,"column":9},"end":{"line":5,"column":23}},"loc":{"start":{"line":14,"column":2},"end":{"line":46,"column":1}},"line":14},"1":{"name":"(anonymous_1)","decl":{"start":{"line":24,"column":4},"end":{"line":24,"column":5}},"loc":{"start":{"line":24,"column":16},"end":{"line":44,"column":5}},"line":24}},"branchMap":{},"s":{"0":8,"1":8,"2":19,"3":1,"4":1,"5":1,"6":1,"7":1,"8":1,"9":1,"10":1,"11":2,"12":2,"13":2,"14":2,"15":1,"16":8},"f":{"0":19,"1":1},"b":{},"_coverageSchema":"1a1c01bbd47fc00a2c39e90264f33305004495a9","hash":"2c126bcb10fc36cca55602551ffe968ba30ae9c1"}
,"C:\\Users\\invas\\pokerchatapp\\callState.js": {"path":"C:\\Users\\invas\\pokerchatapp\\callState.js","statementMap":{"0":{"start":{"line":2,"column":2},"end":{"line":16,"column":3}},"1":{"start":{"line":9,"column":6},"end":{"line":12,"column":7}},"2":{"start":{"line":13,"column":6},"end":{"line":13,"column":65}},"3":{"start":{"line":14,"column":6},"end":{"line":14,"column":27}},"4":{"start":{"line":19,"column":0},"end":{"line":19,"column":26}}},"fnMap":{"0":{"name":"CallState","decl":{"start":{"line":1,"column":9},"end":{"line":1,"column":18}},"loc":{"start":{"line":1,"column":70},"end":{"line":17,"column":1}},"line":1},"1":{"name":"(anonymous_1)","decl":{"start":{"line":8,"column":4},"end":{"line":8,"column":5}},"loc":{"start":{"line":8,"column":16},"end":{"line":15,"column":5}},"line":8}},"branchMap":{},"s":{"0":18,"1":1,"2":1,"3":1,"4":8},"f":{"0":18,"1":1},"b":{},"_coverageSchema":"1a1c01bbd47fc00a2c39e90264f33305004495a9","hash":"18ca2335a357fd20da701b52fdf07bf22e1bb122"}
,"C:\\Users\\invas\\pokerchatapp\\cardExamination.js": {"path":"C:\\Users\\invas\\pokerchatapp\\cardExamination.js","statementMap":{"0":{"start":{"line":2,"column":2},"end":{"line":5,"column":3}},"1":{"start":{"line":8,"column":0},"end":{"line":8,"column":32}}},"fnMap":{"0":{"name":"CardExamination","decl":{"start":{"line":1,"column":9},"end":{"line":1,"column":24}},"loc":{"start":{"line":1,"column":36},"end":{"line":6,"column":1}},"line":1}},"branchMap":{},"s":{"0":11,"1":8},"f":{"0":11},"b":{},"_coverageSchema":"1a1c01bbd47fc00a2c39e90264f33305004495a9","hash":"a8439ee4733dff50de7f7ddbf7fec38cb184daea"}
,"C:\\Users\\invas\\pokerchatapp\\cardPrettifier.js": {"path":"C:\\Users\\invas\\pokerchatapp\\cardPrettifier.js","statementMap":{"0":{"start":{"line":3,"column":2},"end":{"line":15,"column":3}},"1":{"start":{"line":5,"column":6},"end":{"line":13,"column":7}},"2":{"start":{"line":7,"column":10},"end":{"line":11,"column":31}},"3":{"start":{"line":18,"column":0},"end":{"line":18,"column":31}}},"fnMap":{"0":{"name":"CardPrittifier","decl":{"start":{"line":2,"column":9},"end":{"line":2,"column":23}},"loc":{"start":{"line":2,"column":26},"end":{"line":16,"column":1}},"line":2},"1":{"name":"(anonymous_1)","decl":{"start":{"line":4,"column":4},"end":{"line":4,"column":5}},"loc":{"start":{"line":4,"column":20},"end":{"line":14,"column":5}},"line":4},"2":{"name":"(anonymous_2)","decl":{"start":{"line":6,"column":8},"end":{"line":6,"column":9}},"loc":{"start":{"line":7,"column":10},"end":{"line":11,"column":31}},"line":7}},"branchMap":{},"s":{"0":3,"1":3,"2":11,"3":9},"f":{"0":3,"1":3,"2":11},"b":{},"_coverageSchema":"1a1c01bbd47fc00a2c39e90264f33305004495a9","hash":"fd175931e9df8634a0401d804deeaf9f84d66aea"}
,"C:\\Users\\invas\\pokerchatapp\\checkingState.js": {"path":"C:\\Users\\invas\\pokerchatapp\\checkingState.js","statementMap":{"0":{"start":{"line":2,"column":2},"end":{"line":10,"column":3}},"1":{"start":{"line":7,"column":6},"end":{"line":7,"column":71}},"2":{"start":{"line":8,"column":6},"end":{"line":8,"column":27}},"3":{"start":{"line":13,"column":0},"end":{"line":13,"column":30}}},"fnMap":{"0":{"name":"CheckingState","decl":{"start":{"line":1,"column":9},"end":{"line":1,"column":22}},"loc":{"start":{"line":1,"column":56},"end":{"line":11,"column":1}},"line":1},"1":{"name":"(anonymous_1)","decl":{"start":{"line":6,"column":4},"end":{"line":6,"column":5}},"loc":{"start":{"line":6,"column":16},"end":{"line":9,"column":5}},"line":6}},"branchMap":{},"s":{"0":42,"1":0,"2":0,"3":7},"f":{"0":42,"1":0},"b":{},"_coverageSchema":"1a1c01bbd47fc00a2c39e90264f33305004495a9","hash":"f9b5c785403d8b9aca2a533e67e2add62f63f597"}
,"C:\\Users\\invas\\pokerchatapp\\errorState.js": {"path":"C:\\Users\\invas\\pokerchatapp\\errorState.js","statementMap":{"0":{"start":{"line":2,"column":2},"end":{"line":8,"column":3}},"1":{"start":{"line":6,"column":6},"end":{"line":6,"column":36}},"2":{"start":{"line":11,"column":0},"end":{"line":11,"column":27}}},"fnMap":{"0":{"name":"ErrorState","decl":{"start":{"line":1,"column":9},"end":{"line":1,"column":19}},"loc":{"start":{"line":1,"column":35},"end":{"line":9,"column":1}},"line":1},"1":{"name":"(anonymous_1)","decl":{"start":{"line":5,"column":4},"end":{"line":5,"column":5}},"loc":{"start":{"line":5,"column":16},"end":{"line":7,"column":5}},"line":5}},"branchMap":{},"s":{"0":4,"1":0,"2":7},"f":{"0":4,"1":0},"b":{},"_coverageSchema":"1a1c01bbd47fc00a2c39e90264f33305004495a9","hash":"52f527059f05734ade56eebc50f18040d94ab373"}
,"C:\\Users\\invas\\pokerchatapp\\foldState.js": {"path":"C:\\Users\\invas\\pokerchatapp\\foldState.js","statementMap":{"0":{"start":{"line":2,"column":2},"end":{"line":10,"column":3}},"1":{"start":{"line":7,"column":6},"end":{"line":7,"column":73}},"2":{"start":{"line":8,"column":6},"end":{"line":8,"column":27}},"3":{"start":{"line":12,"column":0},"end":{"line":12,"column":26}}},"fnMap":{"0":{"name":"FoldState","decl":{"start":{"line":1,"column":9},"end":{"line":1,"column":18}},"loc":{"start":{"line":1,"column":55},"end":{"line":11,"column":1}},"line":1},"1":{"name":"(anonymous_1)","decl":{"start":{"line":6,"column":4},"end":{"line":6,"column":5}},"loc":{"start":{"line":6,"column":16},"end":{"line":9,"column":5}},"line":6}},"branchMap":{},"s":{"0":7,"1":1,"2":1,"3":8},"f":{"0":7,"1":1},"b":{},"_coverageSchema":"1a1c01bbd47fc00a2c39e90264f33305004495a9","hash":"3df2c55a30e2413663263f59029c40c8b9633557"}
,"C:\\Users\\invas\\pokerchatapp\\game.js": {"path":"C:\\Users\\invas\\pokerchatapp\\game.js","statementMap":{"0":{"start":{"line":1,"column":15},"end":{"line":1,"column":34}},"1":{"start":{"line":2,"column":24},"end":{"line":2,"column":52}},"2":{"start":{"line":3,"column":19},"end":{"line":3,"column":42}},"3":{"start":{"line":4,"column":18},"end":{"line":4,"column":40}},"4":{"start":{"line":5,"column":18},"end":{"line":5,"column":40}},"5":{"start":{"line":6,"column":23},"end":{"line":6,"column":50}},"6":{"start":{"line":7,"column":21},"end":{"line":7,"column":46}},"7":{"start":{"line":8,"column":19},"end":{"line":8,"column":42}},"8":{"start":{"line":9,"column":26},"end":{"line":9,"column":56}},"9":{"start":{"line":10,"column":18},"end":{"line":10,"column":40}},"10":{"start":{"line":11,"column":22},"end":{"line":11,"column":48}},"11":{"start":{"line":14,"column":2},"end":{"line":193,"column":3}},"12":{"start":{"line":32,"column":6},"end":{"line":35,"column":7}},"13":{"start":{"line":33,"column":8},"end":{"line":33,"column":44}},"14":{"start":{"line":34,"column":8},"end":{"line":34,"column":28}},"15":{"start":{"line":36,"column":6},"end":{"line":36,"column":34}},"16":{"start":{"line":39,"column":6},"end":{"line":39,"column":65}},"17":{"start":{"line":39,"column":40},"end":{"line":39,"column":61}},"18":{"start":{"line":42,"column":28},"end":{"line":42,"column":60}},"19":{"start":{"line":43,"column":6},"end":{"line":43,"column":46}},"20":{"start":{"line":46,"column":31},"end":{"line":46,"column":33}},"21":{"start":{"line":47,"column":6},"end":{"line":54,"column":7}},"22":{"start":{"line":47,"column":19},"end":{"line":47,"column":20}},"23":{"start":{"line":48,"column":23},"end":{"line":48,"column":38}},"24":{"start":{"line":49,"column":8},"end":{"line":53,"column":9}},"25":{"start":{"line":50,"column":21},"end":{"line":50,"column":23}},"26":{"start":{"line":51,"column":10},"end":{"line":51,"column":60}},"27":{"start":{"line":52,"column":10},"end":{"line":52,"column":57}},"28":{"start":{"line":55,"column":22},"end":{"line":57,"column":7}},"29":{"start":{"line":58,"column":6},"end":{"line":58,"column":20}},"30":{"start":{"line":61,"column":6},"end":{"line":72,"column":7}},"31":{"start":{"line":61,"column":19},"end":{"line":61,"column":20}},"32":{"start":{"line":64,"column":10},"end":{"line":64,"column":52}},"33":{"start":{"line":65,"column":8},"end":{"line":71,"column":9}},"34":{"start":{"line":66,"column":10},"end":{"line":66,"column":53}},"35":{"start":{"line":67,"column":10},"end":{"line":70,"column":11}},"36":{"start":{"line":73,"column":6},"end":{"line":73,"column":59}},"37":{"start":{"line":76,"column":35},"end":{"line":76,"column":75}},"38":{"start":{"line":76,"column":62},"end":{"line":76,"column":74}},"39":{"start":{"line":77,"column":6},"end":{"line":77,"column":46}},"40":{"start":{"line":80,"column":6},"end":{"line":80,"column":56}},"41":{"start":{"line":80,"column":40},"end":{"line":80,"column":52}},"42":{"start":{"line":83,"column":6},"end":{"line":87,"column":7}},"43":{"start":{"line":84,"column":23},"end":{"line":84,"column":46}},"44":{"start":{"line":85,"column":8},"end":{"line":85,"column":38}},"45":{"start":{"line":86,"column":8},"end":{"line":86,"column":51}},"46":{"start":{"line":88,"column":6},"end":{"line":106,"column":7}},"47":{"start":{"line":89,"column":8},"end":{"line":98,"column":9}},"48":{"start":{"line":90,"column":10},"end":{"line":90,"column":31}},"49":{"start":{"line":91,"column":26},"end":{"line":91,"column":56}},"50":{"start":{"line":92,"column":26},"end":{"line":92,"column":70}},"51":{"start":{"line":92,"column":45},"end":{"line":92,"column":69}},"52":{"start":{"line":93,"column":29},"end":{"line":93,"column":60}},"53":{"start":{"line":94,"column":10},"end":{"line":96,"column":11}},"54":{"start":{"line":94,"column":23},"end":{"line":94,"column":24}},"55":{"start":{"line":95,"column":12},"end":{"line":95,"column":42}},"56":{"start":{"line":97,"column":10},"end":{"line":97,"column":52}},"57":{"start":{"line":99,"column":8},"end":{"line":103,"column":9}},"58":{"start":{"line":100,"column":10},"end":{"line":100,"column":56}},"59":{"start":{"line":102,"column":10},"end":{"line":102,"column":57}},"60":{"start":{"line":104,"column":8},"end":{"line":104,"column":29}},"61":{"start":{"line":105,"column":8},"end":{"line":105,"column":80}},"62":{"start":{"line":107,"column":6},"end":{"line":107,"column":39}},"63":{"start":{"line":110,"column":6},"end":{"line":115,"column":7}},"64":{"start":{"line":111,"column":8},"end":{"line":114,"column":9}},"65":{"start":{"line":116,"column":6},"end":{"line":116,"column":36}},"66":{"start":{"line":119,"column":6},"end":{"line":135,"column":8}},"67":{"start":{"line":120,"column":30},"end":{"line":120,"column":53}},"68":{"start":{"line":121,"column":8},"end":{"line":133,"column":9}},"69":{"start":{"line":122,"column":29},"end":{"line":122,"column":64}},"70":{"start":{"line":123,"column":10},"end":{"line":123,"column":43}},"71":{"start":{"line":124,"column":10},"end":{"line":124,"column":41}},"72":{"start":{"line":125,"column":10},"end":{"line":125,"column":38}},"73":{"start":{"line":126,"column":10},"end":{"line":132,"column":11}},"74":{"start":{"line":134,"column":8},"end":{"line":134,"column":74}},"75":{"start":{"line":138,"column":6},"end":{"line":142,"column":8}},"76":{"start":{"line":139,"column":30},"end":{"line":139,"column":53}},"77":{"start":{"line":140,"column":8},"end":{"line":140,"column":38}},"78":{"start":{"line":141,"column":8},"end":{"line":141,"column":70}},"79":{"start":{"line":145,"column":6},"end":{"line":151,"column":8}},"80":{"start":{"line":146,"column":30},"end":{"line":146,"column":53}},"81":{"start":{"line":147,"column":8},"end":{"line":147,"column":37}},"82":{"start":{"line":148,"column":8},"end":{"line":148,"column":35}},"83":{"start":{"line":149,"column":8},"end":{"line":149,"column":32}},"84":{"start":{"line":150,"column":8},"end":{"line":150,"column":79}},"85":{"start":{"line":154,"column":6},"end":{"line":187,"column":7}},"86":{"start":{"line":155,"column":8},"end":{"line":155,"column":37}},"87":{"start":{"line":156,"column":8},"end":{"line":156,"column":37}},"88":{"start":{"line":157,"column":8},"end":{"line":157,"column":22}},"89":{"start":{"line":158,"column":8},"end":{"line":158,"column":50}},"90":{"start":{"line":159,"column":30},"end":{"line":159,"column":65}},"91":{"start":{"line":160,"column":28},"end":{"line":160,"column":63}},"92":{"start":{"line":161,"column":8},"end":{"line":161,"column":60}},"93":{"start":{"line":162,"column":8},"end":{"line":162,"column":58}},"94":{"start":{"line":163,"column":8},"end":{"line":163,"column":56}},"95":{"start":{"line":164,"column":8},"end":{"line":164,"column":54}},"96":{"start":{"line":165,"column":8},"end":{"line":165,"column":56}},"97":{"start":{"line":166,"column":8},"end":{"line":166,"column":64}},"98":{"start":{"line":167,"column":8},"end":{"line":167,"column":39}},"99":{"start":{"line":168,"column":8},"end":{"line":168,"column":43}},"100":{"start":{"line":169,"column":8},"end":{"line":172,"column":9}},"101":{"start":{"line":169,"column":21},"end":{"line":169,"column":22}},"102":{"start":{"line":170,"column":29},"end":{"line":170,"column":78}},"103":{"start":{"line":171,"column":10},"end":{"line":171,"column":52}},"104":{"start":{"line":174,"column":8},"end":{"line":186,"column":9}},"105":{"start":{"line":182,"column":40},"end":{"line":185,"column":11}},"106":{"start":{"line":188,"column":6},"end":{"line":191,"column":7}},"107":{"start":{"line":196,"column":0},"end":{"line":196,"column":21}}},"fnMap":{"0":{"name":"Game","decl":{"start":{"line":13,"column":9},"end":{"line":13,"column":13}},"loc":{"start":{"line":13,"column":49},"end":{"line":194,"column":1}},"line":13},"1":{"name":"(anonymous_1)","decl":{"start":{"line":31,"column":4},"end":{"line":31,"column":5}},"loc":{"start":{"line":31,"column":20},"end":{"line":37,"column":5}},"line":31},"2":{"name":"(anonymous_2)","decl":{"start":{"line":38,"column":4},"end":{"line":38,"column":5}},"loc":{"start":{"line":38,"column":23},"end":{"line":40,"column":5}},"line":38},"3":{"name":"(anonymous_3)","decl":{"start":{"line":39,"column":33},"end":{"line":39,"column":34}},"loc":{"start":{"line":39,"column":40},"end":{"line":39,"column":61}},"line":39},"4":{"name":"(anonymous_4)","decl":{"start":{"line":41,"column":4},"end":{"line":41,"column":5}},"loc":{"start":{"line":41,"column":25},"end":{"line":44,"column":5}},"line":41},"5":{"name":"(anonymous_5)","decl":{"start":{"line":45,"column":4},"end":{"line":45,"column":5}},"loc":{"start":{"line":45,"column":30},"end":{"line":59,"column":5}},"line":45},"6":{"name":"(anonymous_6)","decl":{"start":{"line":60,"column":4},"end":{"line":60,"column":5}},"loc":{"start":{"line":60,"column":26},"end":{"line":74,"column":5}},"line":60},"7":{"name":"(anonymous_7)","decl":{"start":{"line":75,"column":4},"end":{"line":75,"column":5}},"loc":{"start":{"line":75,"column":27},"end":{"line":78,"column":5}},"line":75},"8":{"name":"(anonymous_8)","decl":{"start":{"line":76,"column":55},"end":{"line":76,"column":56}},"loc":{"start":{"line":76,"column":62},"end":{"line":76,"column":74}},"line":76},"9":{"name":"(anonymous_9)","decl":{"start":{"line":79,"column":4},"end":{"line":79,"column":5}},"loc":{"start":{"line":79,"column":23},"end":{"line":81,"column":5}},"line":79},"10":{"name":"(anonymous_10)","decl":{"start":{"line":80,"column":33},"end":{"line":80,"column":34}},"loc":{"start":{"line":80,"column":40},"end":{"line":80,"column":52}},"line":80},"11":{"name":"(anonymous_11)","decl":{"start":{"line":82,"column":4},"end":{"line":82,"column":5}},"loc":{"start":{"line":82,"column":24},"end":{"line":108,"column":5}},"line":82},"12":{"name":"(anonymous_12)","decl":{"start":{"line":92,"column":38},"end":{"line":92,"column":39}},"loc":{"start":{"line":92,"column":45},"end":{"line":92,"column":69}},"line":92},"13":{"name":"(anonymous_13)","decl":{"start":{"line":109,"column":4},"end":{"line":109,"column":5}},"loc":{"start":{"line":109,"column":53},"end":{"line":117,"column":5}},"line":109},"14":{"name":"(anonymous_14)","decl":{"start":{"line":118,"column":4},"end":{"line":118,"column":5}},"loc":{"start":{"line":118,"column":15},"end":{"line":136,"column":5}},"line":118},"15":{"name":"(anonymous_15)","decl":{"start":{"line":119,"column":44},"end":{"line":119,"column":45}},"loc":{"start":{"line":119,"column":50},"end":{"line":135,"column":7}},"line":119},"16":{"name":"(anonymous_16)","decl":{"start":{"line":137,"column":4},"end":{"line":137,"column":5}},"loc":{"start":{"line":137,"column":15},"end":{"line":143,"column":5}},"line":137},"17":{"name":"(anonymous_17)","decl":{"start":{"line":138,"column":44},"end":{"line":138,"column":45}},"loc":{"start":{"line":138,"column":50},"end":{"line":142,"column":7}},"line":138},"18":{"name":"(anonymous_18)","decl":{"start":{"line":144,"column":4},"end":{"line":144,"column":5}},"loc":{"start":{"line":144,"column":24},"end":{"line":152,"column":5}},"line":144},"19":{"name":"(anonymous_19)","decl":{"start":{"line":145,"column":45},"end":{"line":145,"column":46}},"loc":{"start":{"line":145,"column":51},"end":{"line":151,"column":7}},"line":145},"20":{"name":"(anonymous_20)","decl":{"start":{"line":153,"column":4},"end":{"line":153,"column":5}},"loc":{"start":{"line":153,"column":30},"end":{"line":192,"column":5}},"line":153},"21":{"name":"(anonymous_21)","decl":{"start":{"line":182,"column":27},"end":{"line":182,"column":28}},"loc":{"start":{"line":182,"column":40},"end":{"line":185,"column":11}},"line":182}},"branchMap":{"0":{"loc":{"start":{"line":32,"column":6},"end":{"line":35,"column":7}},"type":"if","locations":[{"start":{"line":32,"column":6},"end":{"line":35,"column":7}},{"start":{"line":32,"column":6},"end":{"line":35,"column":7}}],"line":32},"1":{"loc":{"start":{"line":49,"column":8},"end":{"line":53,"column":9}},"type":"if","locations":[{"start":{"line":49,"column":8},"end":{"line":53,"column":9}},{"start":{"line":49,"column":8},"end":{"line":53,"column":9}}],"line":49},"2":{"loc":{"start":{"line":65,"column":8},"end":{"line":71,"column":9}},"type":"if","locations":[{"start":{"line":65,"column":8},"end":{"line":71,"column":9}},{"start":{"line":65,"column":8},"end":{"line":71,"column":9}}],"line":65},"3":{"loc":{"start":{"line":83,"column":6},"end":{"line":87,"column":7}},"type":"if","locations":[{"start":{"line":83,"column":6},"end":{"line":87,"column":7}},{"start":{"line":83,"column":6},"end":{"line":87,"column":7}}],"line":83},"4":{"loc":{"start":{"line":88,"column":6},"end":{"line":106,"column":7}},"type":"if","locations":[{"start":{"line":88,"column":6},"end":{"line":106,"column":7}},{"start":{"line":88,"column":6},"end":{"line":106,"column":7}}],"line":88},"5":{"loc":{"start":{"line":89,"column":8},"end":{"line":98,"column":9}},"type":"if","locations":[{"start":{"line":89,"column":8},"end":{"line":98,"column":9}},{"start":{"line":89,"column":8},"end":{"line":98,"column":9}}],"line":89},"6":{"loc":{"start":{"line":99,"column":8},"end":{"line":103,"column":9}},"type":"if","locations":[{"start":{"line":99,"column":8},"end":{"line":103,"column":9}},{"start":{"line":99,"column":8},"end":{"line":103,"column":9}}],"line":99},"7":{"loc":{"start":{"line":110,"column":6},"end":{"line":115,"column":7}},"type":"if","locations":[{"start":{"line":110,"column":6},"end":{"line":115,"column":7}},{"start":{"line":110,"column":6},"end":{"line":115,"column":7}}],"line":110},"8":{"loc":{"start":{"line":121,"column":8},"end":{"line":133,"column":9}},"type":"if","locations":[{"start":{"line":121,"column":8},"end":{"line":133,"column":9}},{"start":{"line":121,"column":8},"end":{"line":133,"column":9}}],"line":121},"9":{"loc":{"start":{"line":154,"column":6},"end":{"line":187,"column":7}},"type":"if","locations":[{"start":{"line":154,"column":6},"end":{"line":187,"column":7}},{"start":{"line":154,"column":6},"end":{"line":187,"column":7}}],"line":154}},"s":{"0":7,"1":7,"2":7,"3":7,"4":7,"5":7,"6":7,"7":7,"8":7,"9":7,"10":7,"11":18,"12":54,"13":54,"14":54,"15":54,"16":69,"17":208,"18":68,"19":68,"20":3,"21":3,"22":3,"23":9,"24":9,"25":7,"26":7,"27":7,"28":3,"29":3,"30":61,"31":61,"32":61,"33":61,"34":61,"35":61,"36":0,"37":65,"38":196,"39":65,"40":1,"41":3,"42":65,"43":1,"44":1,"45":1,"46":64,"47":19,"48":3,"49":3,"50":3,"51":4,"52":3,"53":3,"54":3,"55":4,"56":3,"57":16,"58":7,"59":9,"60":16,"61":16,"62":45,"63":68,"64":3,"65":65,"66":59,"67":58,"68":58,"69":17,"70":17,"71":17,"72":17,"73":17,"74":41,"75":7,"76":6,"77":6,"78":6,"79":2,"80":1,"81":1,"82":1,"83":1,"84":1,"85":19,"86":18,"87":18,"88":18,"89":18,"90":18,"91":18,"92":18,"93":18,"94":18,"95":18,"96":18,"97":18,"98":18,"99":18,"100":18,"101":18,"102":54,"103":54,"104":18,"105":54,"106":1,"107":7},"f":{"0":18,"1":54,"2":69,"3":208,"4":68,"5":3,"6":61,"7":65,"8":196,"9":1,"10":3,"11":65,"12":4,"13":68,"14":59,"15":58,"16":7,"17":6,"18":2,"19":1,"20":19,"21":54},"b":{"0":[54,0],"1":[7,2],"2":[61,0],"3":[1,64],"4":[19,45],"5":[3,16],"6":[7,9],"7":[3,65],"8":[17,41],"9":[18,1]},"_coverageSchema":"1a1c01bbd47fc00a2c39e90264f33305004495a9","hash":"9b97bff53f2474d2dcd088971eba70580e0b77ea"}
,"C:\\Users\\invas\\pokerchatapp\\nextState.js": {"path":"C:\\Users\\invas\\pokerchatapp\\nextState.js","statementMap":{"0":{"start":{"line":1,"column":24},"end":{"line":1,"column":51}},"1":{"start":{"line":4,"column":2},"end":{"line":15,"column":3}},"2":{"start":{"line":9,"column":6},"end":{"line":12,"column":7}},"3":{"start":{"line":13,"column":6},"end":{"line":13,"column":27}},"4":{"start":{"line":17,"column":0},"end":{"line":17,"column":26}}},"fnMap":{"0":{"name":"NextState","decl":{"start":{"line":3,"column":9},"end":{"line":3,"column":18}},"loc":{"start":{"line":3,"column":43},"end":{"line":16,"column":1}},"line":3},"1":{"name":"(anonymous_1)","decl":{"start":{"line":8,"column":4},"end":{"line":8,"column":5}},"loc":{"start":{"line":8,"column":16},"end":{"line":14,"column":5}},"line":8}},"branchMap":{},"s":{"0":7,"1":17,"2":0,"3":0,"4":7},"f":{"0":17,"1":0},"b":{},"_coverageSchema":"1a1c01bbd47fc00a2c39e90264f33305004495a9","hash":"bf047cc47c0936bbeec09d883c33c6485ddd8380"}
,"C:\\Users\\invas\\pokerchatapp\\player.js": {"path":"C:\\Users\\invas\\pokerchatapp\\player.js","statementMap":{"0":{"start":{"line":2,"column":2},"end":{"line":7,"column":3}},"1":{"start":{"line":10,"column":0},"end":{"line":10,"column":23}}},"fnMap":{"0":{"name":"Player","decl":{"start":{"line":1,"column":9},"end":{"line":1,"column":15}},"loc":{"start":{"line":1,"column":29},"end":{"line":8,"column":1}},"line":1}},"branchMap":{},"s":{"0":56,"1":7},"f":{"0":56},"b":{},"_coverageSchema":"1a1c01bbd47fc00a2c39e90264f33305004495a9","hash":"3f25a6deef861cc2bc2e4110c1fa38a6f113ac59"}
,"C:\\Users\\invas\\pokerchatapp\\pokerDeck.js": {"path":"C:\\Users\\invas\\pokerchatapp\\pokerDeck.js","statementMap":{"0":{"start":{"line":1,"column":13},"end":{"line":1,"column":33}},"1":{"start":{"line":4,"column":15},"end":{"line":4,"column":25}},"2":{"start":{"line":5,"column":16},"end":{"line":5,"column":36}},"3":{"start":{"line":6,"column":16},"end":{"line":20,"column":3}},"4":{"start":{"line":21,"column":16},"end":{"line":21,"column":18}},"5":{"start":{"line":22,"column":2},"end":{"line":26,"column":3}},"6":{"start":{"line":22,"column":15},"end":{"line":22,"column":16}},"7":{"start":{"line":23,"column":4},"end":{"line":25,"column":5}},"8":{"start":{"line":23,"column":17},"end":{"line":23,"column":18}},"9":{"start":{"line":24,"column":6},"end":{"line":24,"column":39}},"10":{"start":{"line":27,"column":2},"end":{"line":27,"column":19}},"11":{"start":{"line":28,"column":2},"end":{"line":28,"column":16}},"12":{"start":{"line":29,"column":2},"end":{"line":44,"column":3}},"13":{"start":{"line":32,"column":6},"end":{"line":32,"column":27}},"14":{"start":{"line":35,"column":6},"end":{"line":35,"column":27}},"15":{"start":{"line":38,"column":6},"end":{"line":38,"column":20}},"16":{"start":{"line":39,"column":6},"end":{"line":39,"column":27}},"17":{"start":{"line":42,"column":6},"end":{"line":42,"column":31}},"18":{"start":{"line":47,"column":0},"end":{"line":47,"column":26}}},"fnMap":{"0":{"name":"PokerDeck","decl":{"start":{"line":3,"column":9},"end":{"line":3,"column":18}},"loc":{"start":{"line":3,"column":21},"end":{"line":45,"column":1}},"line":3},"1":{"name":"(anonymous_1)","decl":{"start":{"line":31,"column":4},"end":{"line":31,"column":5}},"loc":{"start":{"line":31,"column":19},"end":{"line":33,"column":5}},"line":31},"2":{"name":"(anonymous_2)","decl":{"start":{"line":34,"column":4},"end":{"line":34,"column":5}},"loc":{"start":{"line":34,"column":21},"end":{"line":36,"column":5}},"line":34},"3":{"name":"(anonymous_3)","decl":{"start":{"line":37,"column":4},"end":{"line":37,"column":5}},"loc":{"start":{"line":37,"column":18},"end":{"line":40,"column":5}},"line":37},"4":{"name":"(anonymous_4)","decl":{"start":{"line":41,"column":4},"end":{"line":41,"column":5}},"loc":{"start":{"line":41,"column":17},"end":{"line":43,"column":5}},"line":41}},"branchMap":{},"s":{"0":1,"1":1,"2":1,"3":1,"4":1,"5":1,"6":1,"7":4,"8":4,"9":52,"10":1,"11":1,"12":1,"13":1,"14":1,"15":1,"16":1,"17":1,"18":1},"f":{"0":1,"1":1,"2":1,"3":1,"4":1},"b":{},"_coverageSchema":"1a1c01bbd47fc00a2c39e90264f33305004495a9","hash":"a0d5f6b38cefc0550c3cf2d63bc3abd2f913b8a3"}
,"C:\\Users\\invas\\pokerchatapp\\raiseState.js": {"path":"C:\\Users\\invas\\pokerchatapp\\raiseState.js","statementMap":{"0":{"start":{"line":2,"column":2},"end":{"line":14,"column":3}},"1":{"start":{"line":8,"column":6},"end":{"line":11,"column":7}},"2":{"start":{"line":12,"column":6},"end":{"line":12,"column":27}},"3":{"start":{"line":16,"column":0},"end":{"line":16,"column":27}}},"fnMap":{"0":{"name":"RaiseState","decl":{"start":{"line":1,"column":9},"end":{"line":1,"column":19}},"loc":{"start":{"line":1,"column":64},"end":{"line":15,"column":1}},"line":1},"1":{"name":"(anonymous_1)","decl":{"start":{"line":7,"column":4},"end":{"line":7,"column":5}},"loc":{"start":{"line":7,"column":16},"end":{"line":13,"column":5}},"line":7}},"branchMap":{},"s":{"0":1,"1":0,"2":0,"3":7},"f":{"0":1,"1":0},"b":{},"_coverageSchema":"1a1c01bbd47fc00a2c39e90264f33305004495a9","hash":"51f95d64d31a80cdbed5fa6d596d5128d5bfe317"}
,"C:\\Users\\invas\\pokerchatapp\\user.js": {"path":"C:\\Users\\invas\\pokerchatapp\\user.js","statementMap":{"0":{"start":{"line":2,"column":2},"end":{"line":6,"column":3}},"1":{"start":{"line":9,"column":0},"end":{"line":9,"column":21}}},"fnMap":{"0":{"name":"User","decl":{"start":{"line":1,"column":9},"end":{"line":1,"column":13}},"loc":{"start":{"line":1,"column":30},"end":{"line":7,"column":1}},"line":1}},"branchMap":{},"s":{"0":21,"1":7},"f":{"0":21},"b":{},"_coverageSchema":"1a1c01bbd47fc00a2c39e90264f33305004495a9","hash":"8a57f864f2bab9fb501f4a00fed10de8d6b09565"}
,"C:\\Users\\invas\\pokerchatapp\\waitingState.js": {"path":"C:\\Users\\invas\\pokerchatapp\\waitingState.js","statementMap":{"0":{"start":{"line":2,"column":2},"end":{"line":8,"column":3}},"1":{"start":{"line":6,"column":6},"end":{"line":6,"column":74}},"2":{"start":{"line":11,"column":0},"end":{"line":11,"column":29}}},"fnMap":{"0":{"name":"WaitingState","decl":{"start":{"line":1,"column":9},"end":{"line":1,"column":21}},"loc":{"start":{"line":1,"column":44},"end":{"line":9,"column":1}},"line":1},"1":{"name":"(anonymous_1)","decl":{"start":{"line":5,"column":4},"end":{"line":5,"column":5}},"loc":{"start":{"line":5,"column":16},"end":{"line":7,"column":5}},"line":5}},"branchMap":{},"s":{"0":67,"1":3,"2":10},"f":{"0":67,"1":3},"b":{},"_coverageSchema":"1a1c01bbd47fc00a2c39e90264f33305004495a9","hash":"e868d95d93835d59306c86fe597e1d793cbb196a"}
,"C:\\Users\\invas\\pokerchatapp\\winnerCalculator.js": {"path":"C:\\Users\\invas\\pokerchatapp\\winnerCalculator.js","statementMap":{"0":{"start":{"line":1,"column":17},"end":{"line":1,"column":39}},"1":{"start":{"line":4,"column":2},"end":{"line":16,"column":3}},"2":{"start":{"line":6,"column":20},"end":{"line":6,"column":22}},"3":{"start":{"line":7,"column":6},"end":{"line":12,"column":7}},"4":{"start":{"line":7,"column":19},"end":{"line":7,"column":20}},"5":{"start":{"line":8,"column":18},"end":{"line":8,"column":37}},"6":{"start":{"line":9,"column":18},"end":{"line":9,"column":36}},"7":{"start":{"line":10,"column":8},"end":{"line":10,"column":26}},"8":{"start":{"line":11,"column":8},"end":{"line":11,"column":21}},"9":{"start":{"line":13,"column":26},"end":{"line":13,"column":45}},"10":{"start":{"line":14,"column":6},"end":{"line":14,"column":36}},"11":{"start":{"line":19,"column":0},"end":{"line":19,"column":33}}},"fnMap":{"0":{"name":"WinnerCalculator","decl":{"start":{"line":3,"column":9},"end":{"line":3,"column":25}},"loc":{"start":{"line":3,"column":28},"end":{"line":17,"column":1}},"line":3},"1":{"name":"(anonymous_1)","decl":{"start":{"line":5,"column":4},"end":{"line":5,"column":5}},"loc":{"start":{"line":5,"column":45},"end":{"line":15,"column":5}},"line":5}},"branchMap":{},"s":{"0":1,"1":1,"2":1,"3":1,"4":1,"5":2,"6":2,"7":2,"8":2,"9":1,"10":1,"11":1},"f":{"0":1,"1":1},"b":{},"_coverageSchema":"1a1c01bbd47fc00a2c39e90264f33305004495a9","hash":"2156333bdfec2698b4de8874cf18ec22de4aa446"}
,"C:\\Users\\invas\\pokerchatapp\\winningMultiState.js": {"path":"C:\\Users\\invas\\pokerchatapp\\winningMultiState.js","statementMap":{"0":{"start":{"line":2,"column":2},"end":{"line":11,"column":3}},"1":{"start":{"line":6,"column":6},"end":{"line":9,"column":7}},"2":{"start":{"line":6,"column":19},"end":{"line":6,"column":20}},"3":{"start":{"line":7,"column":18},"end":{"line":7,"column":39}},"4":{"start":{"line":8,"column":8},"end":{"line":8,"column":70}},"5":{"start":{"line":14,"column":0},"end":{"line":14,"column":34}}},"fnMap":{"0":{"name":"WinningMultiState","decl":{"start":{"line":1,"column":9},"end":{"line":1,"column":26}},"loc":{"start":{"line":1,"column":48},"end":{"line":12,"column":1}},"line":1},"1":{"name":"(anonymous_1)","decl":{"start":{"line":5,"column":4},"end":{"line":5,"column":5}},"loc":{"start":{"line":5,"column":16},"end":{"line":10,"column":5}},"line":5}},"branchMap":{},"s":{"0":6,"1":0,"2":0,"3":0,"4":0,"5":7},"f":{"0":6,"1":0},"b":{},"_coverageSchema":"1a1c01bbd47fc00a2c39e90264f33305004495a9","hash":"01c675400bca9e65511c99205522a5f40144bab0"}
}
