TN:
SF:bootstrapState.js
FN:5,BootstrapState
FN:24,(anonymous_1)
FNF:2
FNH:2
FNDA:19,BootstrapState
FNDA:1,(anonymous_1)
DA:1,8
DA:3,8
DA:15,19
DA:25,1
DA:29,1
DA:30,1
DA:31,1
DA:32,1
DA:33,1
DA:34,1
DA:35,2
DA:36,2
DA:37,2
DA:41,2
DA:43,1
DA:48,8
LF:16
LH:16
BRF:0
BRH:0
end_of_record
TN:
SF:callState.js
FN:1,CallState
FN:8,(anonymous_1)
FNF:2
FNH:2
FNDA:18,CallState
FNDA:1,(anonymous_1)
DA:2,18
DA:9,1
DA:13,1
DA:14,1
DA:19,8
LF:5
LH:5
BRF:0
BRH:0
end_of_record
TN:
SF:cardExamination.js
FN:1,CardExamination
FNF:1
FNH:1
FNDA:11,CardExamination
DA:2,11
DA:8,8
LF:2
LH:2
BRF:0
BRH:0
end_of_record
TN:
SF:cardPrettifier.js
FN:2,CardPrittifier
FN:4,(anonymous_1)
FN:6,(anonymous_2)
FNF:3
FNH:3
FNDA:3,CardPrittifier
FNDA:3,(anonymous_1)
FNDA:11,(anonymous_2)
DA:3,3
DA:5,3
DA:7,11
DA:18,9
LF:4
LH:4
BRF:0
BRH:0
end_of_record
TN:
SF:checkingState.js
FN:1,CheckingState
FN:6,(anonymous_1)
FNF:2
FNH:1
FNDA:42,CheckingState
FNDA:0,(anonymous_1)
DA:2,42
DA:7,0
DA:8,0
DA:13,7
LF:4
LH:2
BRF:0
BRH:0
end_of_record
TN:
SF:errorState.js
FN:1,ErrorState
FN:5,(anonymous_1)
FNF:2
FNH:1
FNDA:4,ErrorState
FNDA:0,(anonymous_1)
DA:2,4
DA:6,0
DA:11,7
LF:3
LH:2
BRF:0
BRH:0
end_of_record
TN:
SF:foldState.js
FN:1,FoldState
FN:6,(anonymous_1)
FNF:2
FNH:2
FNDA:7,FoldState
FNDA:1,(anonymous_1)
DA:2,7
DA:7,1
DA:8,1
DA:12,8
LF:4
LH:4
BRF:0
BRH:0
end_of_record
TN:
SF:game.js
FN:13,Game
FN:31,(anonymous_1)
FN:38,(anonymous_2)
FN:39,(anonymous_3)
FN:41,(anonymous_4)
FN:45,(anonymous_5)
FN:60,(anonymous_6)
FN:75,(anonymous_7)
FN:76,(anonymous_8)
FN:79,(anonymous_9)
FN:80,(anonymous_10)
FN:82,(anonymous_11)
FN:92,(anonymous_12)
FN:109,(anonymous_13)
FN:118,(anonymous_14)
FN:119,(anonymous_15)
FN:137,(anonymous_16)
FN:138,(anonymous_17)
FN:144,(anonymous_18)
FN:145,(anonymous_19)
FN:153,(anonymous_20)
FN:182,(anonymous_21)
FNF:22
FNH:22
FNDA:18,Game
FNDA:54,(anonymous_1)
FNDA:69,(anonymous_2)
FNDA:208,(anonymous_3)
FNDA:68,(anonymous_4)
FNDA:3,(anonymous_5)
FNDA:61,(anonymous_6)
FNDA:65,(anonymous_7)
FNDA:196,(anonymous_8)
FNDA:1,(anonymous_9)
FNDA:3,(anonymous_10)
FNDA:65,(anonymous_11)
FNDA:4,(anonymous_12)
FNDA:68,(anonymous_13)
FNDA:59,(anonymous_14)
FNDA:58,(anonymous_15)
FNDA:7,(anonymous_16)
FNDA:6,(anonymous_17)
FNDA:2,(anonymous_18)
FNDA:1,(anonymous_19)
FNDA:19,(anonymous_20)
FNDA:54,(anonymous_21)
DA:1,7
DA:2,7
DA:3,7
DA:4,7
DA:5,7
DA:6,7
DA:7,7
DA:8,7
DA:9,7
DA:10,7
DA:11,7
DA:14,18
DA:32,54
DA:33,54
DA:34,54
DA:36,54
DA:39,208
DA:42,68
DA:43,68
DA:46,3
DA:47,3
DA:48,9
DA:49,9
DA:50,7
DA:51,7
DA:52,7
DA:55,3
DA:58,3
DA:61,61
DA:64,61
DA:65,61
DA:66,61
DA:67,61
DA:73,0
DA:76,196
DA:77,65
DA:80,3
DA:83,65
DA:84,1
DA:85,1
DA:86,1
DA:88,64
DA:89,19
DA:90,3
DA:91,3
DA:92,4
DA:93,3
DA:94,3
DA:95,4
DA:97,3
DA:99,16
DA:100,7
DA:102,9
DA:104,16
DA:105,16
DA:107,45
DA:110,68
DA:111,3
DA:116,65
DA:119,59
DA:120,58
DA:121,58
DA:122,17
DA:123,17
DA:124,17
DA:125,17
DA:126,17
DA:134,41
DA:138,7
DA:139,6
DA:140,6
DA:141,6
DA:145,2
DA:146,1
DA:147,1
DA:148,1
DA:149,1
DA:150,1
DA:154,19
DA:155,18
DA:156,18
DA:157,18
DA:158,18
DA:159,18
DA:160,18
DA:161,18
DA:162,18
DA:163,18
DA:164,18
DA:165,18
DA:166,18
DA:167,18
DA:168,18
DA:169,18
DA:170,54
DA:171,54
DA:174,18
DA:182,54
DA:188,1
DA:196,7
LF:100
LH:99
BRDA:32,0,0,54
BRDA:32,0,1,0
BRDA:49,1,0,7
BRDA:49,1,1,2
BRDA:65,2,0,61
BRDA:65,2,1,0
BRDA:83,3,0,1
BRDA:83,3,1,64
BRDA:88,4,0,19
BRDA:88,4,1,45
BRDA:89,5,0,3
BRDA:89,5,1,16
BRDA:99,6,0,7
BRDA:99,6,1,9
BRDA:110,7,0,3
BRDA:110,7,1,65
BRDA:121,8,0,17
BRDA:121,8,1,41
BRDA:154,9,0,18
BRDA:154,9,1,1
BRF:20
BRH:18
end_of_record
TN:
SF:nextState.js
FN:3,NextState
FN:8,(anonymous_1)
FNF:2
FNH:1
FNDA:17,NextState
FNDA:0,(anonymous_1)
DA:1,7
DA:4,17
DA:9,0
DA:13,0
DA:17,7
LF:5
LH:3
BRF:0
BRH:0
end_of_record
TN:
SF:player.js
FN:1,Player
FNF:1
FNH:1
FNDA:56,Player
DA:2,56
DA:10,7
LF:2
LH:2
BRF:0
BRH:0
end_of_record
TN:
SF:pokerDeck.js
FN:3,PokerDeck
FN:31,(anonymous_1)
FN:34,(anonymous_2)
FN:37,(anonymous_3)
FN:41,(anonymous_4)
FNF:5
FNH:5
FNDA:1,PokerDeck
FNDA:1,(anonymous_1)
FNDA:1,(anonymous_2)
FNDA:1,(anonymous_3)
FNDA:1,(anonymous_4)
DA:1,1
DA:4,1
DA:5,1
DA:6,1
DA:21,1
DA:22,1
DA:23,4
DA:24,52
DA:27,1
DA:28,1
DA:29,1
DA:32,1
DA:35,1
DA:38,1
DA:39,1
DA:42,1
DA:47,1
LF:17
LH:17
BRF:0
BRH:0
end_of_record
TN:
SF:raiseState.js
FN:1,RaiseState
FN:7,(anonymous_1)
FNF:2
FNH:1
FNDA:1,RaiseState
FNDA:0,(anonymous_1)
DA:2,1
DA:8,0
DA:12,0
DA:16,7
LF:4
LH:2
BRF:0
BRH:0
end_of_record
TN:
SF:user.js
FN:1,User
FNF:1
FNH:1
FNDA:21,User
DA:2,21
DA:9,7
LF:2
LH:2
BRF:0
BRH:0
end_of_record
TN:
SF:waitingState.js
FN:1,WaitingState
FN:5,(anonymous_1)
FNF:2
FNH:2
FNDA:67,WaitingState
FNDA:3,(anonymous_1)
DA:2,67
DA:6,3
DA:11,10
LF:3
LH:3
BRF:0
BRH:0
end_of_record
TN:
SF:winnerCalculator.js
FN:3,WinnerCalculator
FN:5,(anonymous_1)
FNF:2
FNH:2
FNDA:1,WinnerCalculator
FNDA:1,(anonymous_1)
DA:1,1
DA:4,1
DA:6,1
DA:7,1
DA:8,2
DA:9,2
DA:10,2
DA:11,2
DA:13,1
DA:14,1
DA:19,1
LF:11
LH:11
BRF:0
BRH:0
end_of_record
TN:
SF:winningMultiState.js
FN:1,WinningMultiState
FN:5,(anonymous_1)
FNF:2
FNH:1
FNDA:6,WinningMultiState
FNDA:0,(anonymous_1)
DA:2,6
DA:6,0
DA:7,0
DA:8,0
DA:14,7
LF:5
LH:2
BRF:0
BRH:0
end_of_record
